<?xml version="1.0" encoding="UTF-8"?>
<!-- Generated by org.testng.reporters.JUnitReportReporter -->
<testsuite skipped="0" hostname="LAPTOP-TTA77RFG" name="script.DemoA" tests="1" failures="0" timestamp="14 Oct 2018 13:37:15 GMT" time="16.031" errors="0">
  <testcase name="testA" time="16.031" classname="script.DemoA"/>
</testsuite> <!-- script.DemoA -->
